<?xml version="1.0" encoding="UTF-8"?>
<testsuite xmlns:xsi="http://www.w3.org/2001/XMLSchema-instance" xsi:noNamespaceSchemaLocation="https://maven.apache.org/surefire/maven-surefire-plugin/xsd/surefire-test-report.xsd" name="com.parkit.parkingsystem.ParkingDataBaseITTest" time="2.603" tests="2" errors="0" skipped="0" failures="0">
  <properties>
[...]
</properties>
  <testcase name="testParkingLotExit" classname="com.parkit.parkingsystem.ParkingDataBaseITTest" time="1.51"/>
  <testcase name="testParkingACar" classname="com.parkit.parkingsystem.ParkingDataBaseITTest" time="0.17"/>
</testsuite>